1465109188.603085455 CoordinatorSession.cc:105 in getSession NOTICE[1]: Opened session with coordinator at tcp:host=rc19,port=12246
1465109188.603110055 TcpTransport.cc:841 in sendRequest ERROR[1]: Sending CREATE_TABLE request to tcp:host=rc19,port=12246 with 17 bytes
1465109188.608892762 TcpTransport.cc:909 in handleFileEvent ERROR[1]: Received CREATE_TABLE response from tcp:host=rc19,port=12246 with 12 bytes
1465109188.608899708 TcpTransport.cc:841 in sendRequest ERROR[1]: Sending GET_TABLE_ID request to tcp:host=rc19,port=12246 with 13 bytes
1465109188.609132835 TcpTransport.cc:909 in handleFileEvent ERROR[1]: Received GET_TABLE_ID response from tcp:host=rc19,port=12246 with 12 bytes
1465109188.609136717 TcpTransport.cc:841 in sendRequest ERROR[1]: Sending CREATE_TABLE request to tcp:host=rc19,port=12246 with 20 bytes
1465109188.613763936 TcpTransport.cc:909 in handleFileEvent ERROR[1]: Received CREATE_TABLE response from tcp:host=rc19,port=12246 with 12 bytes
1465109188.613768844 TcpTransport.cc:841 in sendRequest ERROR[1]: Sending GET_TABLE_ID request to tcp:host=rc19,port=12246 with 16 bytes
1465109188.614024007 TcpTransport.cc:909 in handleFileEvent ERROR[1]: Received GET_TABLE_ID response from tcp:host=rc19,port=12246 with 12 bytes
1465109188.615686165 TcpTransport.cc:841 in sendRequest ERROR[1]: Sending CREATE_TABLE request to tcp:host=rc19,port=12246 with 24 bytes
1465109188.642722326 TcpTransport.cc:909 in handleFileEvent ERROR[1]: Received CREATE_TABLE response from tcp:host=rc19,port=12246 with 12 bytes
1465109188.642730781 ClientLeaseAgent.cc:54 in getLease NOTICE[1]: Blocked waiting for lease to renew.
1465109188.642734534 TcpTransport.cc:841 in sendRequest ERROR[1]: Sending RENEW_LEASE request to tcp:host=rc19,port=12246 with 12 bytes
1465109188.642988341 TcpTransport.cc:909 in handleFileEvent ERROR[1]: Received RENEW_LEASE response from tcp:host=rc19,port=12246 with 28 bytes
1465109188.642994461 TcpTransport.cc:841 in sendRequest ERROR[1]: Sending GET_TABLE_CONFIG request to tcp:host=rc19,port=12246 with 12 bytes
1465109188.643324114 TcpTransport.cc:909 in handleFileEvent ERROR[1]: Received GET_TABLE_CONFIG response from tcp:host=rc19,port=12246 with 528 bytes
1465109188.644473550 TcpTransport.cc:841 in sendRequest ERROR[1]: Sending WRITE request to tcp:host=rc13,port=12247 with 202 bytes
1465109188.645118162 TcpTransport.cc:909 in handleFileEvent ERROR[1]: Received WRITE response from tcp:host=rc13,port=12247 with 12 bytes
1465109188.646035593 TcpTransport.cc:841 in sendRequest ERROR[1]: Sending WRITE request to tcp:host=rc11,port=12247 with 202 bytes
1465109188.646620056 TcpTransport.cc:909 in handleFileEvent ERROR[1]: Received WRITE response from tcp:host=rc11,port=12247 with 12 bytes
1465109188.646626454 TcpTransport.cc:841 in sendRequest ERROR[1]: Sending WRITE request to tcp:host=rc13,port=12247 with 202 bytes
1465109188.647108190 TcpTransport.cc:909 in handleFileEvent ERROR[1]: Received WRITE response from tcp:host=rc13,port=12247 with 12 bytes
1465109188.648355234 TcpTransport.cc:841 in sendRequest ERROR[1]: Sending WRITE request to tcp:host=rc17,port=12247 with 202 bytes
1465109188.648888923 TcpTransport.cc:909 in handleFileEvent ERROR[1]: Received WRITE response from tcp:host=rc17,port=12247 with 12 bytes
1465109188.650174567 TcpTransport.cc:841 in sendRequest ERROR[1]: Sending WRITE request to tcp:host=rc10,port=12247 with 202 bytes
1465109188.650730627 TcpTransport.cc:909 in handleFileEvent ERROR[1]: Received WRITE response from tcp:host=rc10,port=12247 with 12 bytes
1465109188.650736866 TcpTransport.cc:841 in sendRequest ERROR[1]: Sending WRITE request to tcp:host=rc10,port=12247 with 202 bytes
1465109188.651157834 TcpTransport.cc:909 in handleFileEvent ERROR[1]: Received WRITE response from tcp:host=rc10,port=12247 with 12 bytes
1465109188.652015895 TcpTransport.cc:841 in sendRequest ERROR[1]: Sending WRITE request to tcp:host=rc14,port=12247 with 202 bytes
1465109188.652584367 TcpTransport.cc:909 in handleFileEvent ERROR[1]: Received WRITE response from tcp:host=rc14,port=12247 with 12 bytes
1465109188.652590563 TcpTransport.cc:841 in sendRequest ERROR[1]: Sending WRITE request to tcp:host=rc17,port=12247 with 202 bytes
1465109188.653113001 TcpTransport.cc:909 in handleFileEvent ERROR[1]: Received WRITE response from tcp:host=rc17,port=12247 with 12 bytes
1465109188.654085690 TcpTransport.cc:841 in sendRequest ERROR[1]: Sending WRITE request to tcp:host=rc16,port=12247 with 202 bytes
1465109188.654649967 TcpTransport.cc:909 in handleFileEvent ERROR[1]: Received WRITE response from tcp:host=rc16,port=12247 with 12 bytes
1465109188.654656070 TcpTransport.cc:841 in sendRequest ERROR[1]: Sending WRITE request to tcp:host=rc13,port=12247 with 202 bytes
1465109188.655091829 TcpTransport.cc:909 in handleFileEvent ERROR[1]: Received WRITE response from tcp:host=rc13,port=12247 with 12 bytes
1465109188.655112815 TcpTransport.cc:841 in sendRequest ERROR[1]: Sending READ request to tcp:host=rc10,port=12247 with 56 bytes
1465109188.655363833 TcpTransport.cc:909 in handleFileEvent ERROR[1]: Received READ response from tcp:host=rc10,port=12247 with 116 bytes
1465109188.655369791 TcpTransport.cc:841 in sendRequest ERROR[1]: Sending READ request to tcp:host=rc16,port=12247 with 56 bytes
1465109188.655611463 TcpTransport.cc:909 in handleFileEvent ERROR[1]: Received READ response from tcp:host=rc16,port=12247 with 116 bytes
1465109188.655615708 TcpTransport.cc:841 in sendRequest ERROR[1]: Sending READ request to tcp:host=rc11,port=12247 with 56 bytes
1465109188.655852580 TcpTransport.cc:909 in handleFileEvent ERROR[1]: Received READ response from tcp:host=rc11,port=12247 with 116 bytes
1465109188.655856881 TcpTransport.cc:841 in sendRequest ERROR[1]: Sending READ request to tcp:host=rc10,port=12247 with 56 bytes
1465109188.656101876 TcpTransport.cc:909 in handleFileEvent ERROR[1]: Received READ response from tcp:host=rc10,port=12247 with 116 bytes
1465109188.656105993 TcpTransport.cc:841 in sendRequest ERROR[1]: Sending READ request to tcp:host=rc13,port=12247 with 56 bytes
1465109188.656336517 TcpTransport.cc:909 in handleFileEvent ERROR[1]: Received READ response from tcp:host=rc13,port=12247 with 116 bytes
1465109188.656340538 TcpTransport.cc:841 in sendRequest ERROR[1]: Sending READ request to tcp:host=rc13,port=12247 with 56 bytes
1465109188.656575175 TcpTransport.cc:909 in handleFileEvent ERROR[1]: Received READ response from tcp:host=rc13,port=12247 with 116 bytes
1465109188.656579109 TcpTransport.cc:841 in sendRequest ERROR[1]: Sending READ request to tcp:host=rc11,port=12247 with 56 bytes
1465109188.656752579 TcpTransport.cc:909 in handleFileEvent ERROR[1]: Received READ response from tcp:host=rc11,port=12247 with 116 bytes
1465109188.656756891 TcpTransport.cc:841 in sendRequest ERROR[1]: Sending READ request to tcp:host=rc17,port=12247 with 56 bytes
1465109188.656926051 TcpTransport.cc:909 in handleFileEvent ERROR[1]: Received READ response from tcp:host=rc17,port=12247 with 116 bytes
1465109188.656930132 TcpTransport.cc:841 in sendRequest ERROR[1]: Sending READ request to tcp:host=rc17,port=12247 with 56 bytes
1465109188.657124651 TcpTransport.cc:909 in handleFileEvent ERROR[1]: Received READ response from tcp:host=rc17,port=12247 with 116 bytes
1465109188.657128738 TcpTransport.cc:841 in sendRequest ERROR[1]: Sending READ request to tcp:host=rc13,port=12247 with 56 bytes
1465109188.657323518 TcpTransport.cc:909 in handleFileEvent ERROR[1]: Received READ response from tcp:host=rc13,port=12247 with 116 bytes
1465109188.657327287 TcpTransport.cc:841 in sendRequest ERROR[1]: Sending READ request to tcp:host=rc13,port=12247 with 56 bytes
1465109188.657500660 TcpTransport.cc:909 in handleFileEvent ERROR[1]: Received READ response from tcp:host=rc13,port=12247 with 116 bytes
1465109188.657504523 TcpTransport.cc:841 in sendRequest ERROR[1]: Sending READ request to tcp:host=rc16,port=12247 with 56 bytes
1465109188.657691994 TcpTransport.cc:909 in handleFileEvent ERROR[1]: Received READ response from tcp:host=rc16,port=12247 with 116 bytes
1465109188.657695924 TcpTransport.cc:841 in sendRequest ERROR[1]: Sending READ request to tcp:host=rc13,port=12247 with 56 bytes
1465109188.657858107 TcpTransport.cc:909 in handleFileEvent ERROR[1]: Received READ response from tcp:host=rc13,port=12247 with 116 bytes
1465109188.657862025 TcpTransport.cc:841 in sendRequest ERROR[1]: Sending READ request to tcp:host=rc10,port=12247 with 56 bytes
1465109188.658067369 TcpTransport.cc:909 in handleFileEvent ERROR[1]: Received READ response from tcp:host=rc10,port=12247 with 116 bytes
1465109188.658071287 TcpTransport.cc:841 in sendRequest ERROR[1]: Sending READ request to tcp:host=rc16,port=12247 with 56 bytes
1465109188.658241463 TcpTransport.cc:909 in handleFileEvent ERROR[1]: Received READ response from tcp:host=rc16,port=12247 with 116 bytes
1465109188.658245290 TcpTransport.cc:841 in sendRequest ERROR[1]: Sending READ request to tcp:host=rc17,port=12247 with 56 bytes
1465109188.658436816 TcpTransport.cc:909 in handleFileEvent ERROR[1]: Received READ response from tcp:host=rc17,port=12247 with 116 bytes
1465109188.658440722 TcpTransport.cc:841 in sendRequest ERROR[1]: Sending READ request to tcp:host=rc11,port=12247 with 56 bytes
1465109188.658617396 TcpTransport.cc:909 in handleFileEvent ERROR[1]: Received READ response from tcp:host=rc11,port=12247 with 116 bytes
1465109188.658621268 TcpTransport.cc:841 in sendRequest ERROR[1]: Sending READ request to tcp:host=rc16,port=12247 with 56 bytes
1465109188.658786082 TcpTransport.cc:909 in handleFileEvent ERROR[1]: Received READ response from tcp:host=rc16,port=12247 with 116 bytes
1465109188.658789968 TcpTransport.cc:841 in sendRequest ERROR[1]: Sending READ request to tcp:host=rc10,port=12247 with 56 bytes
1465109188.658980156 TcpTransport.cc:909 in handleFileEvent ERROR[1]: Received READ response from tcp:host=rc10,port=12247 with 116 bytes
1465109188.658984105 TcpTransport.cc:841 in sendRequest ERROR[1]: Sending READ request to tcp:host=rc10,port=12247 with 56 bytes
1465109188.659157118 TcpTransport.cc:909 in handleFileEvent ERROR[1]: Received READ response from tcp:host=rc10,port=12247 with 116 bytes
1465109188.659160723 TcpTransport.cc:841 in sendRequest ERROR[1]: Sending CREATE_TABLE request to tcp:host=rc19,port=12246 with 29 bytes
1465109188.661537938 TcpTransport.cc:909 in handleFileEvent ERROR[1]: Received CREATE_TABLE response from tcp:host=rc19,port=12246 with 12 bytes
1465109188.661541818 TcpTransport.cc:841 in sendRequest ERROR[1]: Sending CREATE_INDEX request to tcp:host=rc19,port=12246 with 15 bytes
1465109188.665515367 TcpTransport.cc:909 in handleFileEvent ERROR[1]: Received CREATE_INDEX response from tcp:host=rc19,port=12246 with 4 bytes
1465109188.665521630 TcpTransport.cc:841 in sendRequest ERROR[1]: Sending GET_TABLE_CONFIG request to tcp:host=rc19,port=12246 with 12 bytes
1465109188.665742573 TcpTransport.cc:909 in handleFileEvent ERROR[1]: Received GET_TABLE_CONFIG response from tcp:host=rc19,port=12246 with 879 bytes
1465109188.665779884 TcpTransport.cc:841 in sendRequest ERROR[1]: Sending WRITE request to tcp:host=rc17,port=12247 with 233 bytes
1465109188.667747554 TcpTransport.cc:909 in handleFileEvent ERROR[1]: Received WRITE response from tcp:host=rc17,port=12247 with 12 bytes
1465109188.667754270 TcpTransport.cc:841 in sendRequest ERROR[1]: Sending WRITE request to tcp:host=rc17,port=12247 with 233 bytes
1465109188.669343731 TcpTransport.cc:909 in handleFileEvent ERROR[1]: Received WRITE response from tcp:host=rc17,port=12247 with 12 bytes
1465109188.669348937 TcpTransport.cc:841 in sendRequest ERROR[1]: Sending WRITE request to tcp:host=rc13,port=12247 with 233 bytes
1465109188.671423144 TcpTransport.cc:909 in handleFileEvent ERROR[1]: Received WRITE response from tcp:host=rc13,port=12247 with 12 bytes
1465109188.671428187 TcpTransport.cc:841 in sendRequest ERROR[1]: Sending WRITE request to tcp:host=rc17,port=12247 with 233 bytes
1465109188.672835386 TcpTransport.cc:909 in handleFileEvent ERROR[1]: Received WRITE response from tcp:host=rc17,port=12247 with 12 bytes
1465109188.672840216 TcpTransport.cc:841 in sendRequest ERROR[1]: Sending WRITE request to tcp:host=rc16,port=12247 with 233 bytes
1465109188.674514708 TcpTransport.cc:909 in handleFileEvent ERROR[1]: Received WRITE response from tcp:host=rc16,port=12247 with 12 bytes
1465109188.674519620 TcpTransport.cc:841 in sendRequest ERROR[1]: Sending WRITE request to tcp:host=rc11,port=12247 with 233 bytes
1465109188.676350579 TcpTransport.cc:909 in handleFileEvent ERROR[1]: Received WRITE response from tcp:host=rc11,port=12247 with 12 bytes
1465109188.676355898 TcpTransport.cc:841 in sendRequest ERROR[1]: Sending WRITE request to tcp:host=rc10,port=12247 with 233 bytes
1465109188.678227526 TcpTransport.cc:909 in handleFileEvent ERROR[1]: Received WRITE response from tcp:host=rc10,port=12247 with 12 bytes
1465109188.678232431 TcpTransport.cc:841 in sendRequest ERROR[1]: Sending WRITE request to tcp:host=rc14,port=12247 with 233 bytes
1465109188.680192453 TcpTransport.cc:909 in handleFileEvent ERROR[1]: Received WRITE response from tcp:host=rc14,port=12247 with 12 bytes
1465109188.680197863 TcpTransport.cc:841 in sendRequest ERROR[1]: Sending WRITE request to tcp:host=rc10,port=12247 with 233 bytes
1465109188.680864987 TcpTransport.cc:909 in handleFileEvent ERROR[1]: Received WRITE response from tcp:host=rc10,port=12247 with 12 bytes
1465109188.681608334 TcpTransport.cc:841 in sendRequest ERROR[1]: Sending WRITE request to tcp:host=rc15,port=12247 with 233 bytes
1465109188.682389670 TcpTransport.cc:909 in handleFileEvent ERROR[1]: Received WRITE response from tcp:host=rc15,port=12247 with 12 bytes
1465109188.682412850 TcpTransport.cc:841 in sendRequest ERROR[1]: Sending LOOKUP_INDEX_KEYS request to tcp:host=rc16,port=12247 with 89 bytes
1465109188.682577008 TcpTransport.cc:909 in handleFileEvent ERROR[1]: Received LOOKUP_INDEX_KEYS response from tcp:host=rc16,port=12247 with 26 bytes
1465109188.682582293 TcpTransport.cc:841 in sendRequest ERROR[1]: Sending READ_HASHES request to tcp:host=rc16,port=12247 with 24 bytes
1465109188.682729238 TcpTransport.cc:909 in handleFileEvent ERROR[1]: Received READ_HASHES response from tcp:host=rc16,port=12247 with 188 bytes
1465109188.682740766 TcpTransport.cc:841 in sendRequest ERROR[1]: Sending GET_TABLE_CONFIG request to tcp:host=rc19,port=12246 with 12 bytes
1465109188.682959426 TcpTransport.cc:909 in handleFileEvent ERROR[1]: Received GET_TABLE_CONFIG response from tcp:host=rc19,port=12246 with 879 bytes
1465109188.682990504 TcpTransport.cc:841 in sendRequest ERROR[1]: Sending LOOKUP_INDEX_KEYS request to tcp:host=rc13,port=12247 with 89 bytes
1465109188.683176291 TcpTransport.cc:909 in handleFileEvent ERROR[1]: Received LOOKUP_INDEX_KEYS response from tcp:host=rc13,port=12247 with 26 bytes
1465109188.683181120 TcpTransport.cc:841 in sendRequest ERROR[1]: Sending READ_HASHES request to tcp:host=rc17,port=12247 with 24 bytes
1465109188.683388618 TcpTransport.cc:909 in handleFileEvent ERROR[1]: Received READ_HASHES response from tcp:host=rc17,port=12247 with 188 bytes
1465109188.683394691 TcpTransport.cc:841 in sendRequest ERROR[1]: Sending LOOKUP_INDEX_KEYS request to tcp:host=rc15,port=12247 with 89 bytes
1465109188.683580213 TcpTransport.cc:909 in handleFileEvent ERROR[1]: Received LOOKUP_INDEX_KEYS response from tcp:host=rc15,port=12247 with 26 bytes
1465109188.683584231 TcpTransport.cc:841 in sendRequest ERROR[1]: Sending READ_HASHES request to tcp:host=rc17,port=12247 with 24 bytes
1465109188.683774831 TcpTransport.cc:909 in handleFileEvent ERROR[1]: Received READ_HASHES response from tcp:host=rc17,port=12247 with 188 bytes
1465109188.683780008 TcpTransport.cc:841 in sendRequest ERROR[1]: Sending LOOKUP_INDEX_KEYS request to tcp:host=rc14,port=12247 with 89 bytes
1465109188.683979066 TcpTransport.cc:909 in handleFileEvent ERROR[1]: Received LOOKUP_INDEX_KEYS response from tcp:host=rc14,port=12247 with 26 bytes
1465109188.683983337 TcpTransport.cc:841 in sendRequest ERROR[1]: Sending READ_HASHES request to tcp:host=rc13,port=12247 with 24 bytes
1465109188.684174236 TcpTransport.cc:909 in handleFileEvent ERROR[1]: Received READ_HASHES response from tcp:host=rc13,port=12247 with 188 bytes
1465109188.684179466 TcpTransport.cc:841 in sendRequest ERROR[1]: Sending LOOKUP_INDEX_KEYS request to tcp:host=rc10,port=12247 with 89 bytes
1465109188.684366149 TcpTransport.cc:909 in handleFileEvent ERROR[1]: Received LOOKUP_INDEX_KEYS response from tcp:host=rc10,port=12247 with 26 bytes
1465109188.684370428 TcpTransport.cc:841 in sendRequest ERROR[1]: Sending READ_HASHES request to tcp:host=rc10,port=12247 with 24 bytes
1465109188.684525497 TcpTransport.cc:909 in handleFileEvent ERROR[1]: Received READ_HASHES response from tcp:host=rc10,port=12247 with 188 bytes
1465109188.684530695 TcpTransport.cc:841 in sendRequest ERROR[1]: Sending LOOKUP_INDEX_KEYS request to tcp:host=rc17,port=12247 with 89 bytes
1465109188.684718457 TcpTransport.cc:909 in handleFileEvent ERROR[1]: Received LOOKUP_INDEX_KEYS response from tcp:host=rc17,port=12247 with 26 bytes
1465109188.684722564 TcpTransport.cc:841 in sendRequest ERROR[1]: Sending READ_HASHES request to tcp:host=rc11,port=12247 with 24 bytes
1465109188.684860656 TcpTransport.cc:909 in handleFileEvent ERROR[1]: Received READ_HASHES response from tcp:host=rc11,port=12247 with 188 bytes
1465109188.684865907 TcpTransport.cc:841 in sendRequest ERROR[1]: Sending LOOKUP_INDEX_KEYS request to tcp:host=rc16,port=12247 with 89 bytes
1465109188.685039222 TcpTransport.cc:909 in handleFileEvent ERROR[1]: Received LOOKUP_INDEX_KEYS response from tcp:host=rc16,port=12247 with 26 bytes
1465109188.685043352 TcpTransport.cc:841 in sendRequest ERROR[1]: Sending READ_HASHES request to tcp:host=rc16,port=12247 with 24 bytes
1465109188.685210875 TcpTransport.cc:909 in handleFileEvent ERROR[1]: Received READ_HASHES response from tcp:host=rc16,port=12247 with 188 bytes
1465109188.685215807 TcpTransport.cc:841 in sendRequest ERROR[1]: Sending LOOKUP_INDEX_KEYS request to tcp:host=rc17,port=12247 with 89 bytes
1465109188.685415899 TcpTransport.cc:909 in handleFileEvent ERROR[1]: Received LOOKUP_INDEX_KEYS response from tcp:host=rc17,port=12247 with 26 bytes
1465109188.685419751 TcpTransport.cc:841 in sendRequest ERROR[1]: Sending READ_HASHES request to tcp:host=rc11,port=12247 with 24 bytes
1465109188.685549312 TcpTransport.cc:909 in handleFileEvent ERROR[1]: Received READ_HASHES response from tcp:host=rc11,port=12247 with 188 bytes
1465109188.685554354 TcpTransport.cc:841 in sendRequest ERROR[1]: Sending LOOKUP_INDEX_KEYS request to tcp:host=rc17,port=12247 with 89 bytes
1465109188.685742383 TcpTransport.cc:909 in handleFileEvent ERROR[1]: Received LOOKUP_INDEX_KEYS response from tcp:host=rc17,port=12247 with 26 bytes
1465109188.685746143 TcpTransport.cc:841 in sendRequest ERROR[1]: Sending READ_HASHES request to tcp:host=rc11,port=12247 with 24 bytes
1465109188.685870431 TcpTransport.cc:909 in handleFileEvent ERROR[1]: Received READ_HASHES response from tcp:host=rc11,port=12247 with 188 bytes
1465109188.686625751 TcpTransport.cc:841 in sendRequest ERROR[1]: Sending LOOKUP_INDEX_KEYS request to tcp:host=rc12,port=12247 with 89 bytes
1465109188.686853972 TcpTransport.cc:909 in handleFileEvent ERROR[1]: Received LOOKUP_INDEX_KEYS response from tcp:host=rc12,port=12247 with 27 bytes
1465109188.686859094 TcpTransport.cc:841 in sendRequest ERROR[1]: Sending LOOKUP_INDEX_KEYS request to tcp:host=rc13,port=12247 with 60 bytes
1465109188.686864376 TcpTransport.cc:841 in sendRequest ERROR[1]: Sending READ_HASHES request to tcp:host=rc17,port=12247 with 24 bytes
1465109188.687057166 TcpTransport.cc:909 in handleFileEvent ERROR[1]: Received LOOKUP_INDEX_KEYS response from tcp:host=rc13,port=12247 with 27 bytes
1465109188.687061280 TcpTransport.cc:841 in sendRequest ERROR[1]: Sending LOOKUP_INDEX_KEYS request to tcp:host=rc14,port=12247 with 60 bytes
1465109188.687066628 TcpTransport.cc:909 in handleFileEvent ERROR[1]: Received READ_HASHES response from tcp:host=rc17,port=12247 with 188 bytes
1465109188.687069511 TcpTransport.cc:841 in sendRequest ERROR[1]: Sending READ_HASHES request to tcp:host=rc17,port=12247 with 24 bytes
1465109188.687231609 TcpTransport.cc:909 in handleFileEvent ERROR[1]: Received LOOKUP_INDEX_KEYS response from tcp:host=rc14,port=12247 with 27 bytes
1465109188.687236546 TcpTransport.cc:841 in sendRequest ERROR[1]: Sending LOOKUP_INDEX_KEYS request to tcp:host=rc15,port=12247 with 60 bytes
1465109188.687250675 TcpTransport.cc:909 in handleFileEvent ERROR[1]: Received READ_HASHES response from tcp:host=rc17,port=12247 with 188 bytes
1465109188.687255032 TcpTransport.cc:841 in sendRequest ERROR[1]: Sending READ_HASHES request to tcp:host=rc13,port=12247 with 24 bytes
1465109188.687390078 TcpTransport.cc:909 in handleFileEvent ERROR[1]: Received READ_HASHES response from tcp:host=rc13,port=12247 with 188 bytes
1465109188.687394689 TcpTransport.cc:909 in handleFileEvent ERROR[1]: Received LOOKUP_INDEX_KEYS response from tcp:host=rc15,port=12247 with 27 bytes
1465109188.687397762 TcpTransport.cc:841 in sendRequest ERROR[1]: Sending LOOKUP_INDEX_KEYS request to tcp:host=rc16,port=12247 with 60 bytes
1465109188.687402449 TcpTransport.cc:841 in sendRequest ERROR[1]: Sending READ_HASHES request to tcp:host=rc17,port=12247 with 24 bytes
1465109188.687543645 TcpTransport.cc:909 in handleFileEvent ERROR[1]: Received READ_HASHES response from tcp:host=rc17,port=12247 with 188 bytes
1465109188.687600523 TcpTransport.cc:909 in handleFileEvent ERROR[1]: Received LOOKUP_INDEX_KEYS response from tcp:host=rc16,port=12247 with 27 bytes
1465109188.687604360 TcpTransport.cc:841 in sendRequest ERROR[1]: Sending LOOKUP_INDEX_KEYS request to tcp:host=rc17,port=12247 with 60 bytes
1465109188.687608928 TcpTransport.cc:841 in sendRequest ERROR[1]: Sending READ_HASHES request to tcp:host=rc16,port=12247 with 24 bytes
1465109188.687777475 TcpTransport.cc:909 in handleFileEvent ERROR[1]: Received LOOKUP_INDEX_KEYS response from tcp:host=rc17,port=12247 with 27 bytes
1465109188.687781606 TcpTransport.cc:841 in sendRequest ERROR[1]: Sending LOOKUP_INDEX_KEYS request to tcp:host=rc10,port=12247 with 60 bytes
1465109188.687848946 TcpTransport.cc:909 in handleFileEvent ERROR[1]: Received READ_HASHES response from tcp:host=rc16,port=12247 with 188 bytes
1465109188.687853116 TcpTransport.cc:841 in sendRequest ERROR[1]: Sending READ_HASHES request to tcp:host=rc11,port=12247 with 24 bytes
1465109188.687950821 TcpTransport.cc:909 in handleFileEvent ERROR[1]: Received LOOKUP_INDEX_KEYS response from tcp:host=rc10,port=12247 with 27 bytes
1465109188.687955085 TcpTransport.cc:841 in sendRequest ERROR[1]: Sending LOOKUP_INDEX_KEYS request to tcp:host=rc11,port=12247 with 60 bytes
1465109188.688029727 TcpTransport.cc:909 in handleFileEvent ERROR[1]: Received READ_HASHES response from tcp:host=rc11,port=12247 with 188 bytes
1465109188.688034197 TcpTransport.cc:841 in sendRequest ERROR[1]: Sending READ_HASHES request to tcp:host=rc10,port=12247 with 24 bytes
1465109188.688111857 TcpTransport.cc:909 in handleFileEvent ERROR[1]: Received LOOKUP_INDEX_KEYS response from tcp:host=rc11,port=12247 with 27 bytes
1465109188.688118811 TcpTransport.cc:841 in sendRequest ERROR[1]: Sending GET_TABLE_CONFIG request to tcp:host=rc19,port=12246 with 12 bytes
1465109188.688232764 TcpTransport.cc:909 in handleFileEvent ERROR[1]: Received READ_HASHES response from tcp:host=rc10,port=12247 with 188 bytes
1465109188.688338661 TcpTransport.cc:909 in handleFileEvent ERROR[1]: Received GET_TABLE_CONFIG response from tcp:host=rc19,port=12246 with 879 bytes
1465109188.688372403 TcpTransport.cc:841 in sendRequest ERROR[1]: Sending GET_TABLE_CONFIG request to tcp:host=rc19,port=12246 with 12 bytes
1465109188.688601125 TcpTransport.cc:909 in handleFileEvent ERROR[1]: Received GET_TABLE_CONFIG response from tcp:host=rc19,port=12246 with 879 bytes
1465109188.688627570 TcpTransport.cc:841 in sendRequest ERROR[1]: Sending READ_HASHES request to tcp:host=rc14,port=12247 with 24 bytes
Starting
Normal writes: 2394.00 1500.83 486.35 1781.21 1840.90 425.45 1427.06 526.92 1537.40 440.23 
Normal reads: 260.03 246.02 241.10 249.02 234.44 238.50 177.62 173.18 198.53 198.49 177.08 191.34 165.94 209.18 173.92 195.32 180.46 168.57 194.02 176.78 
Index writes: 2232.55 1594.15 2079.01 1411.30 1678.82 1835.65 1876.07 1964.90 671.34 1524.74 
 Index Reads: 339.22 253.89 403.47 384.75 398.74 350.58 334.57 349.45 337.85 320.23 
 Single 10 lookup: 2951.71 µs
1465109188.688822051 TcpTransport.cc:909 in handleFileEvent ERROR[1]: Received READ_HASHES response from tcp:host=rc14,port=12247 with 188 bytes
1465109188.688870010 TcpTransport.cc:841 in sendRequest ERROR[1]: Sending SERVER_CONTROL_ALL request to tcp:host=rc19,port=12246 with 12 bytes
1465109188.689368061 TcpTransport.cc:909 in handleFileEvent ERROR[1]: Received SERVER_CONTROL_ALL response from tcp:host=rc19,port=12246 with 144 bytes
1465109188.689372013 TcpTransport.cc:841 in sendRequest ERROR[1]: Sending SERVER_CONTROL_ALL request to tcp:host=rc19,port=12246 with 12 bytes
1465109188.689790329 TcpTransport.cc:909 in handleFileEvent ERROR[1]: Received SERVER_CONTROL_ALL response from tcp:host=rc19,port=12246 with 144 bytes
1465109188.689793816 TimeTrace.cc:186 in printInternal NOTICE[1]: No time trace events to print
